{
  "/home/pmr/personal/dev/fairshare/web/src/components/ui/Button/Button.tsx": {
    "path": "/home/pmr/personal/dev/fairshare/web/src/components/ui/Button/Button.tsx",
    "statementMap": {
      "0": {
        "start": { "line": 9, "column": 45 },
        "end": { "line": 45, "column": null }
      },
      "1": {
        "start": { "line": 17, "column": 4 },
        "end": { "line": 17, "column": null }
      },
      "2": {
        "start": { "line": 19, "column": 22 },
        "end": { "line": 23, "column": null }
      },
      "3": {
        "start": { "line": 25, "column": 25 },
        "end": { "line": 32, "column": null }
      },
      "4": {
        "start": { "line": 34, "column": 2 },
        "end": { "line": 43, "column": null }
      }
    },
    "fnMap": {
      "0": {
        "name": "(anonymous_0)",
        "decl": {
          "start": { "line": 9, "column": 45 },
          "end": { "line": 9, "column": 46 }
        },
        "loc": {
          "start": { "line": 15, "column": 6 },
          "end": { "line": 45, "column": null }
        },
        "line": 15
      }
    },
    "branchMap": {
      "0": {
        "loc": {
          "start": { "line": 10, "column": 2 },
          "end": { "line": 10, "column": null }
        },
        "type": "default-arg",
        "locations": [
          {
            "start": { "line": 10, "column": 12 },
            "end": { "line": 10, "column": null }
          }
        ],
        "line": 10
      },
      "1": {
        "loc": {
          "start": { "line": 11, "column": 2 },
          "end": { "line": 11, "column": null }
        },
        "type": "default-arg",
        "locations": [
          {
            "start": { "line": 11, "column": 9 },
            "end": { "line": 11, "column": null }
          }
        ],
        "line": 11
      },
      "2": {
        "loc": {
          "start": { "line": 13, "column": 2 },
          "end": { "line": 13, "column": null }
        },
        "type": "default-arg",
        "locations": [
          {
            "start": { "line": 13, "column": 14 },
            "end": { "line": 13, "column": null }
          }
        ],
        "line": 13
      },
      "3": {
        "loc": {
          "start": { "line": 40, "column": 7 },
          "end": { "line": 41, "column": null }
        },
        "type": "binary-expr",
        "locations": [
          {
            "start": { "line": 40, "column": 7 },
            "end": { "line": 40, "column": null }
          },
          {
            "start": { "line": 41, "column": 8 },
            "end": { "line": 41, "column": null }
          }
        ],
        "line": 40
      }
    },
    "s": { "0": 1, "1": 10, "2": 10, "3": 10, "4": 10 },
    "f": { "0": 10 },
    "b": { "0": [10], "1": [10], "2": [10], "3": [10, 8] },
    "meta": {
      "lastBranch": 4,
      "lastFunction": 1,
      "lastStatement": 5,
      "seen": {
        "s:9:45:45:Infinity": 0,
        "f:9:45:9:46": 0,
        "b:10:12:10:Infinity": 0,
        "b:11:9:11:Infinity": 1,
        "b:13:14:13:Infinity": 2,
        "s:17:4:17:Infinity": 1,
        "s:19:22:23:Infinity": 2,
        "s:25:25:32:Infinity": 3,
        "s:34:2:43:Infinity": 4,
        "b:40:7:40:Infinity:41:8:41:Infinity": 3
      }
    }
  },
  "/home/pmr/personal/dev/fairshare/web/src/components/ui/Card/Card.tsx": {
    "path": "/home/pmr/personal/dev/fairshare/web/src/components/ui/Card/Card.tsx",
    "statementMap": {
      "0": {
        "start": { "line": 23, "column": 41 },
        "end": { "line": 31, "column": null }
      },
      "1": {
        "start": { "line": 24, "column": 2 },
        "end": { "line": 29, "column": null }
      },
      "2": {
        "start": { "line": 36, "column": 5 },
        "end": { "line": 38, "column": null }
      },
      "3": {
        "start": { "line": 37, "column": 2 },
        "end": { "line": 37, "column": null }
      },
      "4": {
        "start": { "line": 43, "column": 5 },
        "end": { "line": 49, "column": null }
      },
      "5": {
        "start": { "line": 44, "column": 2 },
        "end": { "line": 47, "column": null }
      },
      "6": {
        "start": { "line": 54, "column": 5 },
        "end": { "line": 60, "column": null }
      },
      "7": {
        "start": { "line": 55, "column": 2 },
        "end": { "line": 58, "column": null }
      }
    },
    "fnMap": {
      "0": {
        "name": "(anonymous_0)",
        "decl": {
          "start": { "line": 23, "column": 41 },
          "end": { "line": 23, "column": 42 }
        },
        "loc": {
          "start": { "line": 23, "column": 75 },
          "end": { "line": 31, "column": null }
        },
        "line": 23
      },
      "1": {
        "name": "(anonymous_1)",
        "decl": {
          "start": { "line": 36, "column": 5 },
          "end": { "line": 36, "column": 6 }
        },
        "loc": {
          "start": { "line": 36, "column": 39 },
          "end": { "line": 38, "column": null }
        },
        "line": 36
      },
      "2": {
        "name": "(anonymous_2)",
        "decl": {
          "start": { "line": 43, "column": 5 },
          "end": { "line": 43, "column": 6 }
        },
        "loc": {
          "start": { "line": 43, "column": 39 },
          "end": { "line": 49, "column": null }
        },
        "line": 43
      },
      "3": {
        "name": "(anonymous_3)",
        "decl": {
          "start": { "line": 54, "column": 5 },
          "end": { "line": 54, "column": 6 }
        },
        "loc": {
          "start": { "line": 54, "column": 39 },
          "end": { "line": 60, "column": null }
        },
        "line": 54
      }
    },
    "branchMap": {
      "0": {
        "loc": {
          "start": { "line": 23, "column": 54 },
          "end": { "line": 23, "column": 69 }
        },
        "type": "default-arg",
        "locations": [
          {
            "start": { "line": 23, "column": 66 },
            "end": { "line": 23, "column": 69 }
          }
        ],
        "line": 23
      },
      "1": {
        "loc": {
          "start": { "line": 36, "column": 18 },
          "end": { "line": 36, "column": 33 }
        },
        "type": "default-arg",
        "locations": [
          {
            "start": { "line": 36, "column": 30 },
            "end": { "line": 36, "column": 33 }
          }
        ],
        "line": 36
      },
      "2": {
        "loc": {
          "start": { "line": 43, "column": 18 },
          "end": { "line": 43, "column": 33 }
        },
        "type": "default-arg",
        "locations": [
          {
            "start": { "line": 43, "column": 30 },
            "end": { "line": 43, "column": 33 }
          }
        ],
        "line": 43
      },
      "3": {
        "loc": {
          "start": { "line": 54, "column": 18 },
          "end": { "line": 54, "column": 33 }
        },
        "type": "default-arg",
        "locations": [
          {
            "start": { "line": 54, "column": 30 },
            "end": { "line": 54, "column": 33 }
          }
        ],
        "line": 54
      }
    },
    "s": { "0": 1, "1": 5, "2": 1, "3": 4, "4": 1, "5": 5, "6": 1, "7": 5 },
    "f": { "0": 5, "1": 4, "2": 5, "3": 5 },
    "b": { "0": [5], "1": [4], "2": [5], "3": [5] },
    "meta": {
      "lastBranch": 4,
      "lastFunction": 4,
      "lastStatement": 8,
      "seen": {
        "s:23:41:31:Infinity": 0,
        "f:23:41:23:42": 0,
        "b:23:66:23:69": 0,
        "s:24:2:29:Infinity": 1,
        "s:36:5:38:Infinity": 2,
        "f:36:5:36:6": 1,
        "b:36:30:36:33": 1,
        "s:37:2:37:Infinity": 3,
        "s:43:5:49:Infinity": 4,
        "f:43:5:43:6": 2,
        "b:43:30:43:33": 2,
        "s:44:2:47:Infinity": 5,
        "s:54:5:60:Infinity": 6,
        "f:54:5:54:6": 3,
        "b:54:30:54:33": 3,
        "s:55:2:58:Infinity": 7
      }
    }
  }
}
